<?xml version="1.0" encoding="UTF-8" ?>
<testsuite tests="7" failures="0" name="com.cagri.bookstore.service.impl.BookDaoImplTest" time="0.479" errors="0" skipped="0">
  <properties>
    <property name="java.runtime.name" value="Java(TM) SE Runtime Environment"/>
    <property name="sun.boot.library.path" value="C:\Program Files\Java\jdk1.8.0_65\jre\bin"/>
    <property name="java.vm.version" value="25.65-b01"/>
    <property name="user.country.format" value="TR"/>
    <property name="java.vm.vendor" value="Oracle Corporation"/>
    <property name="java.vendor.url" value="http://java.oracle.com/"/>
    <property name="path.separator" value=";"/>
    <property name="java.vm.name" value="Java HotSpot(TM) 64-Bit Server VM"/>
    <property name="file.encoding.pkg" value="sun.io"/>
    <property name="user.script" value=""/>
    <property name="user.country" value="US"/>
    <property name="sun.java.launcher" value="SUN_STANDARD"/>
    <property name="sun.os.patch.level" value=""/>
    <property name="java.vm.specification.name" value="Java Virtual Machine Specification"/>
    <property name="user.dir" value="C:\work\Bookstore"/>
    <property name="java.runtime.version" value="1.8.0_65-b17"/>
    <property name="java.awt.graphicsenv" value="sun.awt.Win32GraphicsEnvironment"/>
    <property name="basedir" value="C:\work\Bookstore"/>
    <property name="java.endorsed.dirs" value="C:\Program Files\Java\jdk1.8.0_65\jre\lib\endorsed"/>
    <property name="os.arch" value="amd64"/>
    <property name="surefire.real.class.path" value="C:\Users\CAGRI~1.DUR\AppData\Local\Temp\surefirebooter9062175409844888258.jar"/>
    <property name="java.io.tmpdir" value="C:\Users\CAGRI~1.DUR\AppData\Local\Temp\"/>
    <property name="line.separator" value="
"/>
    <property name="java.vm.specification.vendor" value="Oracle Corporation"/>
    <property name="user.variant" value=""/>
    <property name="os.name" value="Windows 10"/>
    <property name="sun.jnu.encoding" value="Cp1254"/>
    <property name="java.library.path" value="C:\Program Files\Java\jdk1.8.0_65\jre\bin;C:\WINDOWS\Sun\Java\bin;C:\WINDOWS\system32;C:\WINDOWS;C:\ProgramData\Oracle\Java\javapath;C:\oraclexe\app\oracle\product\11.2.0\server\bin;C:\WINDOWS\system32;C:\WINDOWS;C:\WINDOWS\System32\Wbem;C:\WINDOWS\System32\WindowsPowerShell\v1.0\;C:\Program Files\Java\jdk1.7.0_79\bin;C:\Program Files\TortoiseSVN\bin;C:\Program Files (x86)\Skype\Phone\;C:\Program Files (x86)\MySQL\MySQL Fabric 1.5 &amp; MySQL Utilities 1.5\;C:\Program Files (x86)\MySQL\MySQL Fabric 1.5 &amp; MySQL Utilities 1.5\Doctrine extensions for PHP\;C:\Program Files (x86)\Heroku\bin;C:\oraclexe\app\oracle\product\11.2.0\server\bin;C:\Windows\system32;C:\Windows;C:\Windows\System32\Wbem;C:\Windows\System32\WindowsPowerShell\v1.0\;C:\Program Files\Java\jdk1.7.0_79\bin;C:\Program Files (x86)\Skype\Phone\;C:\Program Files\TortoiseSVN\bin;."/>
    <property name="surefire.test.class.path" value="C:\work\Bookstore\target\test-classes;C:\work\Bookstore\target\classes;C:\Users\cagri.dursun\.m2\repository\org\springframework\spring-webmvc\4.2.6.RELEASE\spring-webmvc-4.2.6.RELEASE.jar;C:\Users\cagri.dursun\.m2\repository\org\springframework\spring-beans\4.2.6.RELEASE\spring-beans-4.2.6.RELEASE.jar;C:\Users\cagri.dursun\.m2\repository\org\springframework\spring-context\4.2.6.RELEASE\spring-context-4.2.6.RELEASE.jar;C:\Users\cagri.dursun\.m2\repository\org\springframework\spring-aop\4.2.6.RELEASE\spring-aop-4.2.6.RELEASE.jar;C:\Users\cagri.dursun\.m2\repository\aopalliance\aopalliance\1.0\aopalliance-1.0.jar;C:\Users\cagri.dursun\.m2\repository\org\springframework\spring-core\4.2.6.RELEASE\spring-core-4.2.6.RELEASE.jar;C:\Users\cagri.dursun\.m2\repository\commons-logging\commons-logging\1.2\commons-logging-1.2.jar;C:\Users\cagri.dursun\.m2\repository\org\springframework\spring-expression\4.2.6.RELEASE\spring-expression-4.2.6.RELEASE.jar;C:\Users\cagri.dursun\.m2\repository\org\springframework\spring-web\4.2.6.RELEASE\spring-web-4.2.6.RELEASE.jar;C:\Users\cagri.dursun\.m2\repository\org\springframework\data\spring-data-mongodb\1.9.1.RELEASE\spring-data-mongodb-1.9.1.RELEASE.jar;C:\Users\cagri.dursun\.m2\repository\org\springframework\spring-tx\4.2.5.RELEASE\spring-tx-4.2.5.RELEASE.jar;C:\Users\cagri.dursun\.m2\repository\org\springframework\data\spring-data-commons\1.12.1.RELEASE\spring-data-commons-1.12.1.RELEASE.jar;C:\Users\cagri.dursun\.m2\repository\org\slf4j\slf4j-api\1.7.19\slf4j-api-1.7.19.jar;C:\Users\cagri.dursun\.m2\repository\org\slf4j\jcl-over-slf4j\1.7.19\jcl-over-slf4j-1.7.19.jar;C:\Users\cagri.dursun\.m2\repository\org\mongodb\mongo-java-driver\3.2.2\mongo-java-driver-3.2.2.jar;C:\Users\cagri.dursun\.m2\repository\javax\servlet\javax.servlet-api\3.1.0\javax.servlet-api-3.1.0.jar;C:\Users\cagri.dursun\.m2\repository\javax\servlet\jstl\1.2\jstl-1.2.jar;C:\Users\cagri.dursun\.m2\repository\com\fasterxml\jackson\core\jackson-databind\2.5.0\jackson-databind-2.5.0.jar;C:\Users\cagri.dursun\.m2\repository\com\fasterxml\jackson\core\jackson-annotations\2.5.0\jackson-annotations-2.5.0.jar;C:\Users\cagri.dursun\.m2\repository\com\fasterxml\jackson\core\jackson-core\2.5.0\jackson-core-2.5.0.jar;C:\Users\cagri.dursun\.m2\repository\org\mockito\mockito-core\2.0.54-beta\mockito-core-2.0.54-beta.jar;C:\Users\cagri.dursun\.m2\repository\net\bytebuddy\byte-buddy\1.3.16\byte-buddy-1.3.16.jar;C:\Users\cagri.dursun\.m2\repository\org\objenesis\objenesis\2.1\objenesis-2.1.jar;C:\Users\cagri.dursun\.m2\repository\junit\junit\4.12\junit-4.12.jar;C:\Users\cagri.dursun\.m2\repository\org\hamcrest\hamcrest-core\1.3\hamcrest-core-1.3.jar;C:\Users\cagri.dursun\.m2\repository\org\springframework\boot\spring-boot-starter-test\1.2.1.RELEASE\spring-boot-starter-test-1.2.1.RELEASE.jar;C:\Users\cagri.dursun\.m2\repository\org\hamcrest\hamcrest-library\1.3\hamcrest-library-1.3.jar;C:\Users\cagri.dursun\.m2\repository\org\springframework\spring-test\4.1.4.RELEASE\spring-test-4.1.4.RELEASE.jar;C:\Users\cagri.dursun\.m2\repository\com\github\fakemongo\fongo\2.0.6\fongo-2.0.6.jar;C:\Users\cagri.dursun\.m2\repository\org\mozilla\rhino\1.7.7\rhino-1.7.7.jar;C:\Users\cagri.dursun\.m2\repository\com\vividsolutions\jts\1.13\jts-1.13.jar;C:\Users\cagri.dursun\.m2\repository\de\grundid\opendatalab\geojson-jackson\1.2\geojson-jackson-1.2.jar;C:\Users\cagri.dursun\.m2\repository\org\twdata\maven\mojo-executor\2.2.0\mojo-executor-2.2.0.jar;C:\Users\cagri.dursun\.m2\repository\org\apache\maven\maven-core\3.0\maven-core-3.0.jar;C:\Users\cagri.dursun\.m2\repository\org\apache\maven\maven-settings\3.0\maven-settings-3.0.jar;C:\Users\cagri.dursun\.m2\repository\org\apache\maven\maven-settings-builder\3.0\maven-settings-builder-3.0.jar;C:\Users\cagri.dursun\.m2\repository\org\apache\maven\maven-repository-metadata\3.0\maven-repository-metadata-3.0.jar;C:\Users\cagri.dursun\.m2\repository\org\apache\maven\maven-artifact\3.0\maven-artifact-3.0.jar;C:\Users\cagri.dursun\.m2\repository\org\apache\maven\maven-model-builder\3.0\maven-model-builder-3.0.jar;C:\Users\cagri.dursun\.m2\repository\org\apache\maven\maven-aether-provider\3.0\maven-aether-provider-3.0.jar;C:\Users\cagri.dursun\.m2\repository\org\sonatype\aether\aether-impl\1.7\aether-impl-1.7.jar;C:\Users\cagri.dursun\.m2\repository\org\sonatype\aether\aether-spi\1.7\aether-spi-1.7.jar;C:\Users\cagri.dursun\.m2\repository\org\sonatype\aether\aether-api\1.7\aether-api-1.7.jar;C:\Users\cagri.dursun\.m2\repository\org\sonatype\aether\aether-util\1.7\aether-util-1.7.jar;C:\Users\cagri.dursun\.m2\repository\org\sonatype\sisu\sisu-inject-plexus\1.4.2\sisu-inject-plexus-1.4.2.jar;C:\Users\cagri.dursun\.m2\repository\org\sonatype\sisu\sisu-inject-bean\1.4.2\sisu-inject-bean-1.4.2.jar;C:\Users\cagri.dursun\.m2\repository\org\sonatype\sisu\sisu-guice\2.1.7\sisu-guice-2.1.7-noaop.jar;C:\Users\cagri.dursun\.m2\repository\org\codehaus\plexus\plexus-interpolation\1.14\plexus-interpolation-1.14.jar;C:\Users\cagri.dursun\.m2\repository\org\codehaus\plexus\plexus-classworlds\2.2.3\plexus-classworlds-2.2.3.jar;C:\Users\cagri.dursun\.m2\repository\org\codehaus\plexus\plexus-component-annotations\1.5.5\plexus-component-annotations-1.5.5.jar;C:\Users\cagri.dursun\.m2\repository\org\sonatype\plexus\plexus-sec-dispatcher\1.3\plexus-sec-dispatcher-1.3.jar;C:\Users\cagri.dursun\.m2\repository\org\sonatype\plexus\plexus-cipher\1.4\plexus-cipher-1.4.jar;C:\Users\cagri.dursun\.m2\repository\org\apache\maven\maven-model\3.0\maven-model-3.0.jar;C:\Users\cagri.dursun\.m2\repository\org\apache\maven\maven-plugin-api\3.0\maven-plugin-api-3.0.jar;C:\Users\cagri.dursun\.m2\repository\org\codehaus\plexus\plexus-utils\1.5.1\plexus-utils-1.5.1.jar;"/>
    <property name="java.specification.name" value="Java Platform API Specification"/>
    <property name="java.class.version" value="52.0"/>
    <property name="sun.management.compiler" value="HotSpot 64-Bit Tiered Compilers"/>
    <property name="os.version" value="10.0"/>
    <property name="user.home" value="C:\Users\cagri.dursun"/>
    <property name="user.timezone" value=""/>
    <property name="java.awt.printerjob" value="sun.awt.windows.WPrinterJob"/>
    <property name="java.specification.version" value="1.8"/>
    <property name="file.encoding" value="Cp1254"/>
    <property name="user.name" value="cagri.dursun"/>
    <property name="java.class.path" value="C:\work\Bookstore\target\test-classes;C:\work\Bookstore\target\classes;C:\Users\cagri.dursun\.m2\repository\org\springframework\spring-webmvc\4.2.6.RELEASE\spring-webmvc-4.2.6.RELEASE.jar;C:\Users\cagri.dursun\.m2\repository\org\springframework\spring-beans\4.2.6.RELEASE\spring-beans-4.2.6.RELEASE.jar;C:\Users\cagri.dursun\.m2\repository\org\springframework\spring-context\4.2.6.RELEASE\spring-context-4.2.6.RELEASE.jar;C:\Users\cagri.dursun\.m2\repository\org\springframework\spring-aop\4.2.6.RELEASE\spring-aop-4.2.6.RELEASE.jar;C:\Users\cagri.dursun\.m2\repository\aopalliance\aopalliance\1.0\aopalliance-1.0.jar;C:\Users\cagri.dursun\.m2\repository\org\springframework\spring-core\4.2.6.RELEASE\spring-core-4.2.6.RELEASE.jar;C:\Users\cagri.dursun\.m2\repository\commons-logging\commons-logging\1.2\commons-logging-1.2.jar;C:\Users\cagri.dursun\.m2\repository\org\springframework\spring-expression\4.2.6.RELEASE\spring-expression-4.2.6.RELEASE.jar;C:\Users\cagri.dursun\.m2\repository\org\springframework\spring-web\4.2.6.RELEASE\spring-web-4.2.6.RELEASE.jar;C:\Users\cagri.dursun\.m2\repository\org\springframework\data\spring-data-mongodb\1.9.1.RELEASE\spring-data-mongodb-1.9.1.RELEASE.jar;C:\Users\cagri.dursun\.m2\repository\org\springframework\spring-tx\4.2.5.RELEASE\spring-tx-4.2.5.RELEASE.jar;C:\Users\cagri.dursun\.m2\repository\org\springframework\data\spring-data-commons\1.12.1.RELEASE\spring-data-commons-1.12.1.RELEASE.jar;C:\Users\cagri.dursun\.m2\repository\org\slf4j\slf4j-api\1.7.19\slf4j-api-1.7.19.jar;C:\Users\cagri.dursun\.m2\repository\org\slf4j\jcl-over-slf4j\1.7.19\jcl-over-slf4j-1.7.19.jar;C:\Users\cagri.dursun\.m2\repository\org\mongodb\mongo-java-driver\3.2.2\mongo-java-driver-3.2.2.jar;C:\Users\cagri.dursun\.m2\repository\javax\servlet\javax.servlet-api\3.1.0\javax.servlet-api-3.1.0.jar;C:\Users\cagri.dursun\.m2\repository\javax\servlet\jstl\1.2\jstl-1.2.jar;C:\Users\cagri.dursun\.m2\repository\com\fasterxml\jackson\core\jackson-databind\2.5.0\jackson-databind-2.5.0.jar;C:\Users\cagri.dursun\.m2\repository\com\fasterxml\jackson\core\jackson-annotations\2.5.0\jackson-annotations-2.5.0.jar;C:\Users\cagri.dursun\.m2\repository\com\fasterxml\jackson\core\jackson-core\2.5.0\jackson-core-2.5.0.jar;C:\Users\cagri.dursun\.m2\repository\org\mockito\mockito-core\2.0.54-beta\mockito-core-2.0.54-beta.jar;C:\Users\cagri.dursun\.m2\repository\net\bytebuddy\byte-buddy\1.3.16\byte-buddy-1.3.16.jar;C:\Users\cagri.dursun\.m2\repository\org\objenesis\objenesis\2.1\objenesis-2.1.jar;C:\Users\cagri.dursun\.m2\repository\junit\junit\4.12\junit-4.12.jar;C:\Users\cagri.dursun\.m2\repository\org\hamcrest\hamcrest-core\1.3\hamcrest-core-1.3.jar;C:\Users\cagri.dursun\.m2\repository\org\springframework\boot\spring-boot-starter-test\1.2.1.RELEASE\spring-boot-starter-test-1.2.1.RELEASE.jar;C:\Users\cagri.dursun\.m2\repository\org\hamcrest\hamcrest-library\1.3\hamcrest-library-1.3.jar;C:\Users\cagri.dursun\.m2\repository\org\springframework\spring-test\4.1.4.RELEASE\spring-test-4.1.4.RELEASE.jar;C:\Users\cagri.dursun\.m2\repository\com\github\fakemongo\fongo\2.0.6\fongo-2.0.6.jar;C:\Users\cagri.dursun\.m2\repository\org\mozilla\rhino\1.7.7\rhino-1.7.7.jar;C:\Users\cagri.dursun\.m2\repository\com\vividsolutions\jts\1.13\jts-1.13.jar;C:\Users\cagri.dursun\.m2\repository\de\grundid\opendatalab\geojson-jackson\1.2\geojson-jackson-1.2.jar;C:\Users\cagri.dursun\.m2\repository\org\twdata\maven\mojo-executor\2.2.0\mojo-executor-2.2.0.jar;C:\Users\cagri.dursun\.m2\repository\org\apache\maven\maven-core\3.0\maven-core-3.0.jar;C:\Users\cagri.dursun\.m2\repository\org\apache\maven\maven-settings\3.0\maven-settings-3.0.jar;C:\Users\cagri.dursun\.m2\repository\org\apache\maven\maven-settings-builder\3.0\maven-settings-builder-3.0.jar;C:\Users\cagri.dursun\.m2\repository\org\apache\maven\maven-repository-metadata\3.0\maven-repository-metadata-3.0.jar;C:\Users\cagri.dursun\.m2\repository\org\apache\maven\maven-artifact\3.0\maven-artifact-3.0.jar;C:\Users\cagri.dursun\.m2\repository\org\apache\maven\maven-model-builder\3.0\maven-model-builder-3.0.jar;C:\Users\cagri.dursun\.m2\repository\org\apache\maven\maven-aether-provider\3.0\maven-aether-provider-3.0.jar;C:\Users\cagri.dursun\.m2\repository\org\sonatype\aether\aether-impl\1.7\aether-impl-1.7.jar;C:\Users\cagri.dursun\.m2\repository\org\sonatype\aether\aether-spi\1.7\aether-spi-1.7.jar;C:\Users\cagri.dursun\.m2\repository\org\sonatype\aether\aether-api\1.7\aether-api-1.7.jar;C:\Users\cagri.dursun\.m2\repository\org\sonatype\aether\aether-util\1.7\aether-util-1.7.jar;C:\Users\cagri.dursun\.m2\repository\org\sonatype\sisu\sisu-inject-plexus\1.4.2\sisu-inject-plexus-1.4.2.jar;C:\Users\cagri.dursun\.m2\repository\org\sonatype\sisu\sisu-inject-bean\1.4.2\sisu-inject-bean-1.4.2.jar;C:\Users\cagri.dursun\.m2\repository\org\sonatype\sisu\sisu-guice\2.1.7\sisu-guice-2.1.7-noaop.jar;C:\Users\cagri.dursun\.m2\repository\org\codehaus\plexus\plexus-interpolation\1.14\plexus-interpolation-1.14.jar;C:\Users\cagri.dursun\.m2\repository\org\codehaus\plexus\plexus-classworlds\2.2.3\plexus-classworlds-2.2.3.jar;C:\Users\cagri.dursun\.m2\repository\org\codehaus\plexus\plexus-component-annotations\1.5.5\plexus-component-annotations-1.5.5.jar;C:\Users\cagri.dursun\.m2\repository\org\sonatype\plexus\plexus-sec-dispatcher\1.3\plexus-sec-dispatcher-1.3.jar;C:\Users\cagri.dursun\.m2\repository\org\sonatype\plexus\plexus-cipher\1.4\plexus-cipher-1.4.jar;C:\Users\cagri.dursun\.m2\repository\org\apache\maven\maven-model\3.0\maven-model-3.0.jar;C:\Users\cagri.dursun\.m2\repository\org\apache\maven\maven-plugin-api\3.0\maven-plugin-api-3.0.jar;C:\Users\cagri.dursun\.m2\repository\org\codehaus\plexus\plexus-utils\1.5.1\plexus-utils-1.5.1.jar;"/>
    <property name="java.vm.specification.version" value="1.8"/>
    <property name="sun.arch.data.model" value="64"/>
    <property name="java.home" value="C:\Program Files\Java\jdk1.8.0_65\jre"/>
    <property name="sun.java.command" value="C:\Users\CAGRI~1.DUR\AppData\Local\Temp\surefirebooter9062175409844888258.jar C:\Users\CAGRI~1.DUR\AppData\Local\Temp\surefire2947446435435761789tmp C:\Users\CAGRI~1.DUR\AppData\Local\Temp\surefire6202604432209979808tmp"/>
    <property name="java.specification.vendor" value="Oracle Corporation"/>
    <property name="user.language" value="en"/>
    <property name="user.language.format" value="tr"/>
    <property name="awt.toolkit" value="sun.awt.windows.WToolkit"/>
    <property name="java.vm.info" value="mixed mode"/>
    <property name="java.version" value="1.8.0_65"/>
    <property name="java.ext.dirs" value="C:\Program Files\Java\jdk1.8.0_65\jre\lib\ext;C:\WINDOWS\Sun\Java\lib\ext"/>
    <property name="sun.boot.class.path" value="C:\Program Files\Java\jdk1.8.0_65\jre\lib\resources.jar;C:\Program Files\Java\jdk1.8.0_65\jre\lib\rt.jar;C:\Program Files\Java\jdk1.8.0_65\jre\lib\sunrsasign.jar;C:\Program Files\Java\jdk1.8.0_65\jre\lib\jsse.jar;C:\Program Files\Java\jdk1.8.0_65\jre\lib\jce.jar;C:\Program Files\Java\jdk1.8.0_65\jre\lib\charsets.jar;C:\Program Files\Java\jdk1.8.0_65\jre\lib\jfr.jar;C:\Program Files\Java\jdk1.8.0_65\jre\classes"/>
    <property name="java.vendor" value="Oracle Corporation"/>
    <property name="localRepository" value="C:\Users\cagri.dursun\.m2\repository"/>
    <property name="file.separator" value="\"/>
    <property name="java.vendor.url.bug" value="http://bugreport.sun.com/bugreport/"/>
    <property name="sun.cpu.endian" value="little"/>
    <property name="sun.io.unicode.encoding" value="UnicodeLittle"/>
    <property name="sun.desktop" value="windows"/>
    <property name="sun.cpu.isalist" value="amd64"/>
  </properties>
  <testcase classname="com.cagri.bookstore.service.impl.BookDaoImplTest" name="testIsBookExist" time="0.012"/>
  <testcase classname="com.cagri.bookstore.service.impl.BookDaoImplTest" name="testAddBook" time="0"/>
  <testcase classname="com.cagri.bookstore.service.impl.BookDaoImplTest" name="testUpdateBook" time="0.001"/>
  <testcase classname="com.cagri.bookstore.service.impl.BookDaoImplTest" name="testFindBookByName" time="0"/>
  <testcase classname="com.cagri.bookstore.service.impl.BookDaoImplTest" name="testMockCreation" time="0.001"/>
  <testcase classname="com.cagri.bookstore.service.impl.BookDaoImplTest" name="testFindBook" time="0"/>
  <testcase classname="com.cagri.bookstore.service.impl.BookDaoImplTest" name="testListBook" time="0.001"/>
</testsuite>